<?xml version="1.0" encoding="UTF-8"?>
<testsuite xmlns:xsi="http://www.w3.org/2001/XMLSchema-instance" xsi:noNamespaceSchemaLocation="https://maven.apache.org/surefire/maven-surefire-plugin/xsd/surefire-test-report.xsd" name="com.vtnc.rest.AppTest" time="0.017" tests="1" errors="0" skipped="0" failures="0">
  <properties>
    <property name="sun.desktop" value="gnome"/>
    <property name="awt.toolkit" value="sun.awt.X11.XToolkit"/>
    <property name="file.encoding.pkg" value="sun.io"/>
    <property name="java.specification.version" value="1.8"/>
    <property name="sun.cpu.isalist" value=""/>
    <property name="sun.jnu.encoding" value="UTF-8"/>
    <property name="java.class.path" value="/home/vantrong291/workspaces/java/SOA/rest-service/target/test-classes:/home/vantrong291/workspaces/java/SOA/rest-service/target/classes:/home/vantrong291/.m2/repository/junit/junit/4.11/junit-4.11.jar:/home/vantrong291/.m2/repository/org/hamcrest/hamcrest-core/1.3/hamcrest-core-1.3.jar:/home/vantrong291/.m2/repository/javax/servlet/javax.servlet-api/3.1.0/javax.servlet-api-3.1.0.jar:/home/vantrong291/.m2/repository/asm/asm/3.3.1/asm-3.3.1.jar:/home/vantrong291/.m2/repository/com/sun/jersey/jersey-bundle/1.19.2/jersey-bundle-1.19.2.jar:/home/vantrong291/.m2/repository/javax/ws/rs/jsr311-api/1.1.1/jsr311-api-1.1.1.jar:/home/vantrong291/.m2/repository/org/json/json/20160810/json-20160810.jar:/home/vantrong291/.m2/repository/com/sun/jersey/jersey-server/1.19.2/jersey-server-1.19.2.jar:/home/vantrong291/.m2/repository/com/sun/jersey/jersey-core/1.19.2/jersey-core-1.19.2.jar:/home/vantrong291/.m2/repository/com/sun/jersey/jersey-json/1.19.2/jersey-json-1.19.2.jar:/home/vantrong291/.m2/repository/org/codehaus/jettison/jettison/1.1/jettison-1.1.jar:/home/vantrong291/.m2/repository/com/sun/xml/bind/jaxb-impl/2.2.3-1/jaxb-impl-2.2.3-1.jar:/home/vantrong291/.m2/repository/javax/xml/bind/jaxb-api/2.2.2/jaxb-api-2.2.2.jar:/home/vantrong291/.m2/repository/javax/xml/stream/stax-api/1.0-2/stax-api-1.0-2.jar:/home/vantrong291/.m2/repository/javax/activation/activation/1.1/activation-1.1.jar:/home/vantrong291/.m2/repository/org/codehaus/jackson/jackson-core-asl/1.9.2/jackson-core-asl-1.9.2.jar:/home/vantrong291/.m2/repository/org/codehaus/jackson/jackson-mapper-asl/1.9.2/jackson-mapper-asl-1.9.2.jar:/home/vantrong291/.m2/repository/org/codehaus/jackson/jackson-jaxrs/1.9.2/jackson-jaxrs-1.9.2.jar:/home/vantrong291/.m2/repository/org/codehaus/jackson/jackson-xc/1.9.2/jackson-xc-1.9.2.jar:"/>
    <property name="java.vm.vendor" value="Oracle Corporation"/>
    <property name="sun.arch.data.model" value="64"/>
    <property name="java.vendor.url" value="http://java.oracle.com/"/>
    <property name="user.timezone" value=""/>
    <property name="java.vm.specification.version" value="1.8"/>
    <property name="os.name" value="Linux"/>
    <property name="user.country" value="US"/>
    <property name="sun.java.launcher" value="SUN_STANDARD"/>
    <property name="sun.boot.library.path" value="/usr/lib/jvm/java-8-oracle/jre/lib/amd64"/>
    <property name="sun.java.command" value="/home/vantrong291/workspaces/java/SOA/rest-service/target/surefire/surefirebooter6189230928615266129.jar /home/vantrong291/workspaces/java/SOA/rest-service/target/surefire 2019-04-03T22-07-34_537-jvmRun1 surefire8344073554228544996tmp surefire_04828088221446668529tmp"/>
    <property name="surefire.test.class.path" value="/home/vantrong291/workspaces/java/SOA/rest-service/target/test-classes:/home/vantrong291/workspaces/java/SOA/rest-service/target/classes:/home/vantrong291/.m2/repository/junit/junit/4.11/junit-4.11.jar:/home/vantrong291/.m2/repository/org/hamcrest/hamcrest-core/1.3/hamcrest-core-1.3.jar:/home/vantrong291/.m2/repository/javax/servlet/javax.servlet-api/3.1.0/javax.servlet-api-3.1.0.jar:/home/vantrong291/.m2/repository/asm/asm/3.3.1/asm-3.3.1.jar:/home/vantrong291/.m2/repository/com/sun/jersey/jersey-bundle/1.19.2/jersey-bundle-1.19.2.jar:/home/vantrong291/.m2/repository/javax/ws/rs/jsr311-api/1.1.1/jsr311-api-1.1.1.jar:/home/vantrong291/.m2/repository/org/json/json/20160810/json-20160810.jar:/home/vantrong291/.m2/repository/com/sun/jersey/jersey-server/1.19.2/jersey-server-1.19.2.jar:/home/vantrong291/.m2/repository/com/sun/jersey/jersey-core/1.19.2/jersey-core-1.19.2.jar:/home/vantrong291/.m2/repository/com/sun/jersey/jersey-json/1.19.2/jersey-json-1.19.2.jar:/home/vantrong291/.m2/repository/org/codehaus/jettison/jettison/1.1/jettison-1.1.jar:/home/vantrong291/.m2/repository/com/sun/xml/bind/jaxb-impl/2.2.3-1/jaxb-impl-2.2.3-1.jar:/home/vantrong291/.m2/repository/javax/xml/bind/jaxb-api/2.2.2/jaxb-api-2.2.2.jar:/home/vantrong291/.m2/repository/javax/xml/stream/stax-api/1.0-2/stax-api-1.0-2.jar:/home/vantrong291/.m2/repository/javax/activation/activation/1.1/activation-1.1.jar:/home/vantrong291/.m2/repository/org/codehaus/jackson/jackson-core-asl/1.9.2/jackson-core-asl-1.9.2.jar:/home/vantrong291/.m2/repository/org/codehaus/jackson/jackson-mapper-asl/1.9.2/jackson-mapper-asl-1.9.2.jar:/home/vantrong291/.m2/repository/org/codehaus/jackson/jackson-jaxrs/1.9.2/jackson-jaxrs-1.9.2.jar:/home/vantrong291/.m2/repository/org/codehaus/jackson/jackson-xc/1.9.2/jackson-xc-1.9.2.jar:"/>
    <property name="sun.cpu.endian" value="little"/>
    <property name="user.home" value="/home/vantrong291"/>
    <property name="user.language" value="en"/>
    <property name="java.specification.vendor" value="Oracle Corporation"/>
    <property name="java.home" value="/usr/lib/jvm/java-8-oracle/jre"/>
    <property name="basedir" value="/home/vantrong291/workspaces/java/SOA/rest-service"/>
    <property name="file.separator" value="/"/>
    <property name="line.separator" value="&#10;"/>
    <property name="java.vm.specification.vendor" value="Oracle Corporation"/>
    <property name="java.specification.name" value="Java Platform API Specification"/>
    <property name="java.awt.graphicsenv" value="sun.awt.X11GraphicsEnvironment"/>
    <property name="surefire.real.class.path" value="/home/vantrong291/workspaces/java/SOA/rest-service/target/surefire/surefirebooter6189230928615266129.jar"/>
    <property name="sun.boot.class.path" value="/usr/lib/jvm/java-8-oracle/jre/lib/resources.jar:/usr/lib/jvm/java-8-oracle/jre/lib/rt.jar:/usr/lib/jvm/java-8-oracle/jre/lib/sunrsasign.jar:/usr/lib/jvm/java-8-oracle/jre/lib/jsse.jar:/usr/lib/jvm/java-8-oracle/jre/lib/jce.jar:/usr/lib/jvm/java-8-oracle/jre/lib/charsets.jar:/usr/lib/jvm/java-8-oracle/jre/lib/jfr.jar:/usr/lib/jvm/java-8-oracle/jre/classes"/>
    <property name="sun.management.compiler" value="HotSpot 64-Bit Tiered Compilers"/>
    <property name="java.runtime.version" value="1.8.0_201-b09"/>
    <property name="user.name" value="vantrong291"/>
    <property name="path.separator" value=":"/>
    <property name="os.version" value="4.18.0-17-generic"/>
    <property name="java.endorsed.dirs" value="/usr/lib/jvm/java-8-oracle/jre/lib/endorsed"/>
    <property name="java.runtime.name" value="Java(TM) SE Runtime Environment"/>
    <property name="file.encoding" value="UTF-8"/>
    <property name="java.vm.name" value="Java HotSpot(TM) 64-Bit Server VM"/>
    <property name="localRepository" value="/home/vantrong291/.m2/repository"/>
    <property name="java.vendor.url.bug" value="http://bugreport.sun.com/bugreport/"/>
    <property name="java.io.tmpdir" value="/tmp"/>
    <property name="java.version" value="1.8.0_201"/>
    <property name="user.dir" value="/home/vantrong291/workspaces/java/SOA/rest-service"/>
    <property name="os.arch" value="amd64"/>
    <property name="java.vm.specification.name" value="Java Virtual Machine Specification"/>
    <property name="java.awt.printerjob" value="sun.print.PSPrinterJob"/>
    <property name="sun.os.patch.level" value="unknown"/>
    <property name="java.library.path" value="/usr/java/packages/lib/amd64:/usr/lib64:/lib64:/lib:/usr/lib"/>
    <property name="java.vm.info" value="mixed mode"/>
    <property name="java.vendor" value="Oracle Corporation"/>
    <property name="java.vm.version" value="25.201-b09"/>
    <property name="java.ext.dirs" value="/usr/lib/jvm/java-8-oracle/jre/lib/ext:/usr/java/packages/lib/ext"/>
    <property name="sun.io.unicode.encoding" value="UnicodeLittle"/>
    <property name="java.class.version" value="52.0"/>
  </properties>
  <testcase name="shouldAnswerWithTrue" classname="com.vtnc.rest.AppTest" time="0.001"/>
</testsuite>